<?xml version="1.0" encoding="UTF-8"?>
<!-- Generated by org.testng.reporters.JUnitReportReporter -->
<testsuite hostname="DESKTOP-GQ2DUQB" failures="0" tests="1" name="runner.Runner" time="10.289" errors="0" timestamp="2022-09-04T02:53:40 PDT" skipped="0">
  <testcase classname="runner.Runner" name="runScenario" time="10.289"/>
  <system-out/>
</testsuite> <!-- runner.Runner -->
