<?xml version="1.0" encoding="UTF-8"?>
<!-- Generated by org.testng.reporters.JUnitReportReporter -->
<testsuite hostname="DESKTOP-GQ2DUQB" failures="0" tests="1" name="tests.TwoTest" time="12.263" errors="0" timestamp="2022-09-04T01:45:54 PDT" skipped="0">
  <testcase classname="tests.TwoTest" name="testTwo" time="12.263"/>
  <system-out/>
</testsuite> <!-- tests.TwoTest -->
