<?xml version="1.0" encoding="UTF-8"?>
<!-- Generated by org.testng.reporters.JUnitReportReporter -->
<testsuite hostname="DESKTOP-GQ2DUQB" failures="0" tests="1" name="tests.ThreeTest" time="0.002" errors="0" timestamp="2022-06-20T17:02:51 PDT" skipped="0">
  <testcase classname="tests.ThreeTest" name="testThree" time="0.002"/>
  <system-out/>
</testsuite> <!-- tests.ThreeTest -->
