<?xml version="1.0" encoding="UTF-8"?>
<!-- Generated by org.testng.reporters.JUnitReportReporter -->
<testsuite hostname="DESKTOP-GQ2DUQB" failures="0" tests="2" name="tests.LoginTest" time="30.842" errors="0" timestamp="2022-06-20T17:02:51 PDT" skipped="0">
  <testcase classname="tests.LoginTest" name="login" time="11.313"/>
  <system-out/>
  <testcase classname="tests.LoginTest" name="login" time="19.529"/>
  <system-out/>
</testsuite> <!-- tests.LoginTest -->
