<?xml version="1.0" encoding="UTF-8"?>
<!-- Generated by org.testng.reporters.JUnitReportReporter -->
<testsuite hostname="DESKTOP-GQ2DUQB" failures="0" tests="1" name="tests.FourTest" time="0.004" errors="0" timestamp="2022-06-20T17:02:51 PDT" skipped="0">
  <testcase classname="tests.FourTest" name="testFour" time="0.004"/>
  <system-out/>
</testsuite> <!-- tests.FourTest -->
